android/app/build/intermediates/manifest_merge_blame_file/release/manifest-merger-blame-release-report.txt
1<?xml version="1.0" encoding="utf-8"?>
2<manifest xmlns:android="http://schemas.android.com/apk/res/android"
3    package="com.projectsetup"
4    android:versionCode="1"
5    android:versionName="1.0" >
6
7    <uses-sdk
8        android:minSdkVersion="21"
9        android:targetSdkVersion="34" />
10
11    <uses-permission android:name="android.permission.INTERNET" />
11-->src/main/AndroidManifest.xml:3:5-67
11-->src/main/AndroidManifest.xml:3:22-64
12
13    <!-- implement camera permission -->
14    <uses-permission android:name="android.permission.CAMERA" />
14-->src/main/AndroidManifest.xml:6:5-64
14-->src/main/AndroidManifest.xml:6:22-62
15    <uses-permission android:name="android.permission.RECORD_AUDIO" />
15-->src/main/AndroidManifest.xml:7:5-70
15-->src/main/AndroidManifest.xml:7:22-68
16    <uses-permission android:name="android.permission.READ_EXTERNAL_STORAGE" />
16-->src/main/AndroidManifest.xml:8:5-80
16-->src/main/AndroidManifest.xml:8:22-77
17    <uses-permission android:name="android.permission.WRITE_EXTERNAL_STORAGE" />
17-->src/main/AndroidManifest.xml:9:5-81
17-->src/main/AndroidManifest.xml:9:22-78
18    <uses-permission android:name="android.permission.VIBRATE" />
18-->src/main/AndroidManifest.xml:10:5-65
18-->src/main/AndroidManifest.xml:10:22-63
19    <uses-permission android:name="android.permission.ACCESS_FINE_LOCATION" />
19-->src/main/AndroidManifest.xml:11:5-78
19-->src/main/AndroidManifest.xml:11:22-76
20    <uses-permission android:name="android.permission.ACCESS_COARSE_LOCATION" />
20-->src/main/AndroidManifest.xml:12:5-80
20-->src/main/AndroidManifest.xml:12:22-78
21    <uses-permission android:name="android.permission.ACCESS_BACKGROUND_LOCATION" />
21-->src/main/AndroidManifest.xml:13:5-85
21-->src/main/AndroidManifest.xml:13:22-82
22    <uses-permission android:name="android.permission.ACCESS_NETWORK_STATE" />
22-->[:react-native-community_netinfo] AndroidManifest.xml:7:5-79
22-->[:react-native-community_netinfo] AndroidManifest.xml:7:22-76
23    <uses-permission android:name="android.permission.ACCESS_WIFI_STATE" />
23-->[:react-native-community_netinfo] AndroidManifest.xml:8:5-76
23-->[:react-native-community_netinfo] AndroidManifest.xml:8:22-73
24    <uses-permission android:name="android.permission.WAKE_LOCK" />
24-->[:react-native-firebase_messaging] AndroidManifest.xml:8:5-68
24-->[:react-native-firebase_messaging] AndroidManifest.xml:8:22-65
25
26    <uses-feature
26-->[:react-native-camera] AndroidManifest.xml:9:5-11:36
27        android:name="android.hardware.camera"
27-->[:react-native-camera] AndroidManifest.xml:10:9-47
28        android:required="false" />
28-->[:react-native-camera] AndroidManifest.xml:11:9-33
29    <uses-feature
29-->[:react-native-camera] AndroidManifest.xml:12:5-14:36
30        android:name="android.hardware.camera.autofocus"
30-->[:react-native-camera] AndroidManifest.xml:13:9-57
31        android:required="false" />
31-->[:react-native-camera] AndroidManifest.xml:14:9-33
32
33    <queries>
33-->[:react-native-image-crop-picker] AndroidManifest.xml:7:5-11:15
34        <intent>
34-->[:react-native-image-crop-picker] AndroidManifest.xml:8:9-10:18
35            <action android:name="android.media.action.IMAGE_CAPTURE" />
35-->[:react-native-image-crop-picker] AndroidManifest.xml:9:13-73
35-->[:react-native-image-crop-picker] AndroidManifest.xml:9:21-70
36        </intent>
37        <!-- Needs to be explicitly declared on Android R+ -->
38        <package android:name="com.google.android.apps.maps" />
38-->[com.google.android.gms:play-services-maps:18.2.0] AndroidManifest.xml:33:9-64
38-->[com.google.android.gms:play-services-maps:18.2.0] AndroidManifest.xml:33:18-61
39    </queries>
40
41    <uses-permission android:name="android.permission.POST_NOTIFICATIONS" /> <!-- Required by older versions of Google Play services to create IID tokens -->
41-->[com.google.firebase:firebase-messaging:24.0.0] AndroidManifest.xml:23:5-77
41-->[com.google.firebase:firebase-messaging:24.0.0] AndroidManifest.xml:23:22-74
42    <uses-permission android:name="com.google.android.c2dm.permission.RECEIVE" />
42-->[com.google.firebase:firebase-messaging:24.0.0] AndroidManifest.xml:26:5-82
42-->[com.google.firebase:firebase-messaging:24.0.0] AndroidManifest.xml:26:22-79
43
44    <uses-feature
44-->[com.google.android.gms:play-services-maps:18.2.0] AndroidManifest.xml:26:5-28:35
45        android:glEsVersion="0x00020000"
45-->[com.google.android.gms:play-services-maps:18.2.0] AndroidManifest.xml:27:9-41
46        android:required="true" />
46-->[com.google.android.gms:play-services-maps:18.2.0] AndroidManifest.xml:28:9-32
47
48    <uses-permission android:name="android.permission.RECEIVE_BOOT_COMPLETED" />
48-->[androidx.work:work-runtime:2.7.1] AndroidManifest.xml:27:5-81
48-->[androidx.work:work-runtime:2.7.1] AndroidManifest.xml:27:22-78
49    <uses-permission android:name="android.permission.FOREGROUND_SERVICE" />
49-->[androidx.work:work-runtime:2.7.1] AndroidManifest.xml:28:5-77
49-->[androidx.work:work-runtime:2.7.1] AndroidManifest.xml:28:22-74
50
51    <permission
51-->[androidx.core:core:1.9.0] AndroidManifest.xml:22:5-24:47
52        android:name="com.projectsetup.DYNAMIC_RECEIVER_NOT_EXPORTED_PERMISSION"
52-->[androidx.core:core:1.9.0] AndroidManifest.xml:23:9-81
53        android:protectionLevel="signature" />
53-->[androidx.core:core:1.9.0] AndroidManifest.xml:24:9-44
54
55    <uses-permission android:name="com.projectsetup.DYNAMIC_RECEIVER_NOT_EXPORTED_PERMISSION" /> <!-- for android -->
55-->[androidx.core:core:1.9.0] AndroidManifest.xml:26:5-97
55-->[androidx.core:core:1.9.0] AndroidManifest.xml:26:22-94
56    <!-- <uses-permission android:name="com.android.launcher.permission.READ_SETTINGS"/> -->
57    <!-- <uses-permission android:name="com.android.launcher.permission.WRITE_SETTINGS"/> -->
58    <!-- <uses-permission android:name="com.android.launcher.permission.INSTALL_SHORTCUT" /> -->
59    <!-- <uses-permission android:name="com.android.launcher.permission.UNINSTALL_SHORTCUT" /> -->
60    <!-- for Samsung -->
61    <uses-permission android:name="com.sec.android.provider.badge.permission.READ" />
61-->[me.leolin:ShortcutBadger:1.1.22] AndroidManifest.xml:19:5-86
61-->[me.leolin:ShortcutBadger:1.1.22] AndroidManifest.xml:19:22-83
62    <uses-permission android:name="com.sec.android.provider.badge.permission.WRITE" /> <!-- for htc -->
62-->[me.leolin:ShortcutBadger:1.1.22] AndroidManifest.xml:20:5-87
62-->[me.leolin:ShortcutBadger:1.1.22] AndroidManifest.xml:20:22-84
63    <uses-permission android:name="com.htc.launcher.permission.READ_SETTINGS" />
63-->[me.leolin:ShortcutBadger:1.1.22] AndroidManifest.xml:23:5-81
63-->[me.leolin:ShortcutBadger:1.1.22] AndroidManifest.xml:23:22-78
64    <uses-permission android:name="com.htc.launcher.permission.UPDATE_SHORTCUT" /> <!-- for sony -->
64-->[me.leolin:ShortcutBadger:1.1.22] AndroidManifest.xml:24:5-83
64-->[me.leolin:ShortcutBadger:1.1.22] AndroidManifest.xml:24:22-80
65    <uses-permission android:name="com.sonyericsson.home.permission.BROADCAST_BADGE" />
65-->[me.leolin:ShortcutBadger:1.1.22] AndroidManifest.xml:27:5-88
65-->[me.leolin:ShortcutBadger:1.1.22] AndroidManifest.xml:27:22-85
66    <uses-permission android:name="com.sonymobile.home.permission.PROVIDER_INSERT_BADGE" /> <!-- for apex -->
66-->[me.leolin:ShortcutBadger:1.1.22] AndroidManifest.xml:28:5-92
66-->[me.leolin:ShortcutBadger:1.1.22] AndroidManifest.xml:28:22-89
67    <uses-permission android:name="com.anddoes.launcher.permission.UPDATE_COUNT" /> <!-- for solid -->
67-->[me.leolin:ShortcutBadger:1.1.22] AndroidManifest.xml:31:5-84
67-->[me.leolin:ShortcutBadger:1.1.22] AndroidManifest.xml:31:22-81
68    <uses-permission android:name="com.majeur.launcher.permission.UPDATE_BADGE" /> <!-- for huawei -->
68-->[me.leolin:ShortcutBadger:1.1.22] AndroidManifest.xml:34:5-83
68-->[me.leolin:ShortcutBadger:1.1.22] AndroidManifest.xml:34:22-80
69    <uses-permission android:name="com.huawei.android.launcher.permission.CHANGE_BADGE" />
69-->[me.leolin:ShortcutBadger:1.1.22] AndroidManifest.xml:37:5-91
69-->[me.leolin:ShortcutBadger:1.1.22] AndroidManifest.xml:37:22-88
70    <uses-permission android:name="com.huawei.android.launcher.permission.READ_SETTINGS" />
70-->[me.leolin:ShortcutBadger:1.1.22] AndroidManifest.xml:38:5-92
70-->[me.leolin:ShortcutBadger:1.1.22] AndroidManifest.xml:38:22-89
71    <uses-permission android:name="com.huawei.android.launcher.permission.WRITE_SETTINGS" /> <!-- for ZUK -->
71-->[me.leolin:ShortcutBadger:1.1.22] AndroidManifest.xml:39:5-93
71-->[me.leolin:ShortcutBadger:1.1.22] AndroidManifest.xml:39:22-90
72    <uses-permission android:name="android.permission.READ_APP_BADGE" /> <!-- for OPPO -->
72-->[me.leolin:ShortcutBadger:1.1.22] AndroidManifest.xml:42:5-73
72-->[me.leolin:ShortcutBadger:1.1.22] AndroidManifest.xml:42:22-70
73    <uses-permission android:name="com.oppo.launcher.permission.READ_SETTINGS" />
73-->[me.leolin:ShortcutBadger:1.1.22] AndroidManifest.xml:45:5-82
73-->[me.leolin:ShortcutBadger:1.1.22] AndroidManifest.xml:45:22-79
74    <uses-permission android:name="com.oppo.launcher.permission.WRITE_SETTINGS" /> <!-- for EvMe -->
74-->[me.leolin:ShortcutBadger:1.1.22] AndroidManifest.xml:46:5-83
74-->[me.leolin:ShortcutBadger:1.1.22] AndroidManifest.xml:46:22-80
75    <uses-permission android:name="me.everything.badger.permission.BADGE_COUNT_READ" />
75-->[me.leolin:ShortcutBadger:1.1.22] AndroidManifest.xml:49:5-88
75-->[me.leolin:ShortcutBadger:1.1.22] AndroidManifest.xml:49:22-85
76    <uses-permission android:name="me.everything.badger.permission.BADGE_COUNT_WRITE" />
76-->[me.leolin:ShortcutBadger:1.1.22] AndroidManifest.xml:50:5-89
76-->[me.leolin:ShortcutBadger:1.1.22] AndroidManifest.xml:50:22-86
77
78    <application
78-->src/main/AndroidManifest.xml:16:5-41:19
79        android:name="com.projectsetup.MainApplication"
79-->src/main/AndroidManifest.xml:18:7-38
80        android:allowBackup="false"
80-->src/main/AndroidManifest.xml:22:7-34
81        android:appComponentFactory="androidx.core.app.CoreComponentFactory"
81-->[androidx.core:core:1.9.0] AndroidManifest.xml:28:18-86
82        android:extractNativeLibs="true"
83        android:icon="@mipmap/ic_launcher"
83-->src/main/AndroidManifest.xml:20:7-41
84        android:label="@string/app_name"
84-->src/main/AndroidManifest.xml:19:7-39
85        android:roundIcon="@mipmap/ic_launcher"
85-->src/main/AndroidManifest.xml:21:7-46
86        android:theme="@style/AppTheme"
86-->src/main/AndroidManifest.xml:23:7-38
87        android:usesCleartextTraffic="true" >
87-->src/main/AndroidManifest.xml:17:5-40
88        <meta-data
88-->src/main/AndroidManifest.xml:25:10-27:63
89            android:name="com.google.android.geo.API_KEY"
89-->src/main/AndroidManifest.xml:26:6-51
90            android:value="AIzaSyCzwwkQ5_JDq5cNafsXVwPxHuxoGvYKnJU" />
90-->src/main/AndroidManifest.xml:27:6-61
91
92        <activity
92-->src/main/AndroidManifest.xml:29:7-40:18
93            android:name="com.projectsetup.MainActivity"
93-->src/main/AndroidManifest.xml:30:9-37
94            android:configChanges="keyboard|keyboardHidden|orientation|screenLayout|screenSize|smallestScreenSize|uiMode"
94-->src/main/AndroidManifest.xml:32:9-118
95            android:exported="true"
95-->src/main/AndroidManifest.xml:35:9-32
96            android:label="@string/app_name"
96-->src/main/AndroidManifest.xml:31:9-41
97            android:launchMode="singleTask"
97-->src/main/AndroidManifest.xml:33:9-40
98            android:windowSoftInputMode="adjustResize" >
98-->src/main/AndroidManifest.xml:34:9-51
99            <intent-filter>
99-->src/main/AndroidManifest.xml:36:9-39:25
100                <action android:name="android.intent.action.MAIN" />
100-->src/main/AndroidManifest.xml:37:13-65
100-->src/main/AndroidManifest.xml:37:21-62
101
102                <category android:name="android.intent.category.LAUNCHER" />
102-->src/main/AndroidManifest.xml:38:13-73
102-->src/main/AndroidManifest.xml:38:23-70
103            </intent-filter>
104        </activity>
105
106        <service
106-->[:react-native-firebase_messaging] AndroidManifest.xml:12:9-14:40
107            android:name="io.invertase.firebase.messaging.ReactNativeFirebaseMessagingHeadlessService"
107-->[:react-native-firebase_messaging] AndroidManifest.xml:13:13-103
108            android:exported="false" />
108-->[:react-native-firebase_messaging] AndroidManifest.xml:14:13-37
109        <service
109-->[:react-native-firebase_messaging] AndroidManifest.xml:15:9-21:19
110            android:name="io.invertase.firebase.messaging.ReactNativeFirebaseMessagingService"
110-->[:react-native-firebase_messaging] AndroidManifest.xml:16:13-95
111            android:exported="false" >
111-->[:react-native-firebase_messaging] AndroidManifest.xml:17:13-37
112            <intent-filter>
112-->[:react-native-firebase_messaging] AndroidManifest.xml:18:13-20:29
113                <action android:name="com.google.firebase.MESSAGING_EVENT" />
113-->[:react-native-firebase_messaging] AndroidManifest.xml:19:17-78
113-->[:react-native-firebase_messaging] AndroidManifest.xml:19:25-75
114            </intent-filter>
115        </service>
116
117        <receiver
117-->[:react-native-firebase_messaging] AndroidManifest.xml:23:9-30:20
118            android:name="io.invertase.firebase.messaging.ReactNativeFirebaseMessagingReceiver"
118-->[:react-native-firebase_messaging] AndroidManifest.xml:24:13-96
119            android:exported="true"
119-->[:react-native-firebase_messaging] AndroidManifest.xml:25:13-36
120            android:permission="com.google.android.c2dm.permission.SEND" >
120-->[:react-native-firebase_messaging] AndroidManifest.xml:26:13-73
121            <intent-filter>
121-->[:react-native-firebase_messaging] AndroidManifest.xml:27:13-29:29
122                <action android:name="com.google.android.c2dm.intent.RECEIVE" />
122-->[:react-native-firebase_messaging] AndroidManifest.xml:28:17-81
122-->[:react-native-firebase_messaging] AndroidManifest.xml:28:25-78
123            </intent-filter>
124        </receiver>
125
126        <meta-data
126-->[:react-native-firebase_messaging] AndroidManifest.xml:32:9-34:36
127            android:name="firebase_messaging_auto_init_enabled"
127-->[:react-native-firebase_messaging] AndroidManifest.xml:33:13-64
128            android:value="true" />
128-->[:react-native-firebase_messaging] AndroidManifest.xml:34:13-33
129        <meta-data
129-->[:react-native-firebase_messaging] AndroidManifest.xml:35:9-37:32
130            android:name="com.google.firebase.messaging.default_notification_channel_id"
130-->[:react-native-firebase_messaging] AndroidManifest.xml:36:13-89
131            android:value="" />
131-->[:react-native-firebase_messaging] AndroidManifest.xml:37:13-29
132        <meta-data
132-->[:react-native-firebase_messaging] AndroidManifest.xml:38:9-40:47
133            android:name="com.google.firebase.messaging.default_notification_color"
133-->[:react-native-firebase_messaging] AndroidManifest.xml:39:13-84
134            android:resource="@color/white" />
134-->[:react-native-firebase_messaging] AndroidManifest.xml:40:13-44
135        <meta-data
135-->[:react-native-firebase_app] AndroidManifest.xml:9:9-11:36
136            android:name="app_data_collection_default_enabled"
136-->[:react-native-firebase_app] AndroidManifest.xml:10:13-63
137            android:value="true" />
137-->[:react-native-firebase_app] AndroidManifest.xml:11:13-33
138
139        <service
139-->[:react-native-firebase_app] AndroidManifest.xml:13:9-21:19
140            android:name="com.google.firebase.components.ComponentDiscoveryService"
140-->[:react-native-firebase_app] AndroidManifest.xml:14:13-84
141            android:directBootAware="true"
141-->[:react-native-firebase_app] AndroidManifest.xml:15:13-43
142            android:exported="false" >
142-->[:react-native-firebase_app] AndroidManifest.xml:16:13-37
143            <meta-data
143-->[:react-native-firebase_app] AndroidManifest.xml:18:13-20:85
144                android:name="com.google.firebase.components:io.invertase.firebase.app.ReactNativeFirebaseAppRegistrar"
144-->[:react-native-firebase_app] AndroidManifest.xml:19:17-120
145                android:value="com.google.firebase.components.ComponentRegistrar" />
145-->[:react-native-firebase_app] AndroidManifest.xml:20:17-82
146            <meta-data
146-->[com.google.firebase:firebase-messaging:24.0.0] AndroidManifest.xml:57:13-59:85
147                android:name="com.google.firebase.components:com.google.firebase.messaging.FirebaseMessagingKtxRegistrar"
147-->[com.google.firebase:firebase-messaging:24.0.0] AndroidManifest.xml:58:17-122
148                android:value="com.google.firebase.components.ComponentRegistrar" />
148-->[com.google.firebase:firebase-messaging:24.0.0] AndroidManifest.xml:59:17-82
149            <meta-data
149-->[com.google.firebase:firebase-messaging:24.0.0] AndroidManifest.xml:60:13-62:85
150                android:name="com.google.firebase.components:com.google.firebase.messaging.FirebaseMessagingRegistrar"
150-->[com.google.firebase:firebase-messaging:24.0.0] AndroidManifest.xml:61:17-119
151                android:value="com.google.firebase.components.ComponentRegistrar" />
151-->[com.google.firebase:firebase-messaging:24.0.0] AndroidManifest.xml:62:17-82
152            <meta-data
152-->[com.google.firebase:firebase-installations:18.0.0] AndroidManifest.xml:15:13-17:85
153                android:name="com.google.firebase.components:com.google.firebase.installations.FirebaseInstallationsKtxRegistrar"
153-->[com.google.firebase:firebase-installations:18.0.0] AndroidManifest.xml:16:17-130
154                android:value="com.google.firebase.components.ComponentRegistrar" />
154-->[com.google.firebase:firebase-installations:18.0.0] AndroidManifest.xml:17:17-82
155            <meta-data
155-->[com.google.firebase:firebase-installations:18.0.0] AndroidManifest.xml:18:13-20:85
156                android:name="com.google.firebase.components:com.google.firebase.installations.FirebaseInstallationsRegistrar"
156-->[com.google.firebase:firebase-installations:18.0.0] AndroidManifest.xml:19:17-127
157                android:value="com.google.firebase.components.ComponentRegistrar" />
157-->[com.google.firebase:firebase-installations:18.0.0] AndroidManifest.xml:20:17-82
158            <meta-data
158-->[com.google.firebase:firebase-common-ktx:21.0.0] AndroidManifest.xml:12:13-14:85
159                android:name="com.google.firebase.components:com.google.firebase.ktx.FirebaseCommonLegacyRegistrar"
159-->[com.google.firebase:firebase-common-ktx:21.0.0] AndroidManifest.xml:13:17-116
160                android:value="com.google.firebase.components.ComponentRegistrar" />
160-->[com.google.firebase:firebase-common-ktx:21.0.0] AndroidManifest.xml:14:17-82
161            <meta-data
161-->[com.google.firebase:firebase-common:21.0.0] AndroidManifest.xml:35:13-37:85
162                android:name="com.google.firebase.components:com.google.firebase.FirebaseCommonKtxRegistrar"
162-->[com.google.firebase:firebase-common:21.0.0] AndroidManifest.xml:36:17-109
163                android:value="com.google.firebase.components.ComponentRegistrar" />
163-->[com.google.firebase:firebase-common:21.0.0] AndroidManifest.xml:37:17-82
164            <meta-data
164-->[com.google.firebase:firebase-datatransport:18.2.0] AndroidManifest.xml:25:13-27:85
165                android:name="com.google.firebase.components:com.google.firebase.datatransport.TransportRegistrar"
165-->[com.google.firebase:firebase-datatransport:18.2.0] AndroidManifest.xml:26:17-115
166                android:value="com.google.firebase.components.ComponentRegistrar" />
166-->[com.google.firebase:firebase-datatransport:18.2.0] AndroidManifest.xml:27:17-82
167        </service>
168
169        <provider
169-->[:react-native-firebase_app] AndroidManifest.xml:23:9-27:38
170            android:name="io.invertase.firebase.app.ReactNativeFirebaseAppInitProvider"
170-->[:react-native-firebase_app] AndroidManifest.xml:24:13-88
171            android:authorities="com.projectsetup.reactnativefirebaseappinitprovider"
171-->[:react-native-firebase_app] AndroidManifest.xml:25:13-86
172            android:exported="false"
172-->[:react-native-firebase_app] AndroidManifest.xml:26:13-37
173            android:initOrder="99" />
173-->[:react-native-firebase_app] AndroidManifest.xml:27:13-35
174        <provider
174-->[:react-native-image-crop-picker] AndroidManifest.xml:16:9-24:20
175            android:name="com.reactnative.ivpusic.imagepicker.IvpusicImagePickerFileProvider"
175-->[:react-native-image-crop-picker] AndroidManifest.xml:17:13-94
176            android:authorities="com.projectsetup.provider"
176-->[:react-native-image-crop-picker] AndroidManifest.xml:18:13-60
177            android:exported="false"
177-->[:react-native-image-crop-picker] AndroidManifest.xml:19:13-37
178            android:grantUriPermissions="true" >
178-->[:react-native-image-crop-picker] AndroidManifest.xml:20:13-47
179            <meta-data
179-->[:react-native-image-crop-picker] AndroidManifest.xml:21:13-23:78
180                android:name="android.support.FILE_PROVIDER_PATHS"
180-->[:react-native-image-crop-picker] AndroidManifest.xml:22:17-67
181                android:resource="@xml/ivpusic_imagepicker_provider_paths" />
181-->[:react-native-image-crop-picker] AndroidManifest.xml:23:17-75
182        </provider>
183
184        <activity
184-->[:react-native-image-crop-picker] AndroidManifest.xml:26:9-28:72
185            android:name="com.yalantis.ucrop.UCropActivity"
185-->[:react-native-image-crop-picker] AndroidManifest.xml:27:13-60
186            android:theme="@style/Theme.AppCompat.Light.NoActionBar" />
186-->[:react-native-image-crop-picker] AndroidManifest.xml:28:13-69
187
188        <provider
188-->[:react-native-image-picker] AndroidManifest.xml:8:9-16:20
189            android:name="com.imagepicker.ImagePickerProvider"
189-->[:react-native-image-picker] AndroidManifest.xml:9:13-63
190            android:authorities="com.projectsetup.imagepickerprovider"
190-->[:react-native-image-picker] AndroidManifest.xml:10:13-71
191            android:exported="false"
191-->[:react-native-image-picker] AndroidManifest.xml:11:13-37
192            android:grantUriPermissions="true" >
192-->[:react-native-image-picker] AndroidManifest.xml:12:13-47
193            <meta-data
193-->[:react-native-image-crop-picker] AndroidManifest.xml:21:13-23:78
194                android:name="android.support.FILE_PROVIDER_PATHS"
194-->[:react-native-image-crop-picker] AndroidManifest.xml:22:17-67
195                android:resource="@xml/imagepicker_provider_paths" />
195-->[:react-native-image-crop-picker] AndroidManifest.xml:23:17-75
196        </provider>
197        <provider
197-->[:react-native-webview] AndroidManifest.xml:8:9-16:20
198            android:name="com.reactnativecommunity.webview.RNCWebViewFileProvider"
198-->[:react-native-webview] AndroidManifest.xml:9:13-83
199            android:authorities="com.projectsetup.fileprovider"
199-->[:react-native-webview] AndroidManifest.xml:10:13-64
200            android:exported="false"
200-->[:react-native-webview] AndroidManifest.xml:11:13-37
201            android:grantUriPermissions="true" >
201-->[:react-native-webview] AndroidManifest.xml:12:13-47
202            <meta-data
202-->[:react-native-image-crop-picker] AndroidManifest.xml:21:13-23:78
203                android:name="android.support.FILE_PROVIDER_PATHS"
203-->[:react-native-image-crop-picker] AndroidManifest.xml:22:17-67
204                android:resource="@xml/file_provider_paths" />
204-->[:react-native-image-crop-picker] AndroidManifest.xml:23:17-75
205        </provider>
206
207        <receiver
207-->[com.google.firebase:firebase-messaging:24.0.0] AndroidManifest.xml:29:9-40:20
208            android:name="com.google.firebase.iid.FirebaseInstanceIdReceiver"
208-->[com.google.firebase:firebase-messaging:24.0.0] AndroidManifest.xml:30:13-78
209            android:exported="true"
209-->[com.google.firebase:firebase-messaging:24.0.0] AndroidManifest.xml:31:13-36
210            android:permission="com.google.android.c2dm.permission.SEND" >
210-->[com.google.firebase:firebase-messaging:24.0.0] AndroidManifest.xml:32:13-73
211            <intent-filter>
211-->[:react-native-firebase_messaging] AndroidManifest.xml:27:13-29:29
212                <action android:name="com.google.android.c2dm.intent.RECEIVE" />
212-->[:react-native-firebase_messaging] AndroidManifest.xml:28:17-81
212-->[:react-native-firebase_messaging] AndroidManifest.xml:28:25-78
213            </intent-filter>
214
215            <meta-data
215-->[com.google.firebase:firebase-messaging:24.0.0] AndroidManifest.xml:37:13-39:40
216                android:name="com.google.android.gms.cloudmessaging.FINISHED_AFTER_HANDLED"
216-->[com.google.firebase:firebase-messaging:24.0.0] AndroidManifest.xml:38:17-92
217                android:value="true" />
217-->[com.google.firebase:firebase-messaging:24.0.0] AndroidManifest.xml:39:17-37
218        </receiver>
219        <!--
220             FirebaseMessagingService performs security checks at runtime,
221             but set to not exported to explicitly avoid allowing another app to call it.
222        -->
223        <service
223-->[com.google.firebase:firebase-messaging:24.0.0] AndroidManifest.xml:46:9-53:19
224            android:name="com.google.firebase.messaging.FirebaseMessagingService"
224-->[com.google.firebase:firebase-messaging:24.0.0] AndroidManifest.xml:47:13-82
225            android:directBootAware="true"
225-->[com.google.firebase:firebase-messaging:24.0.0] AndroidManifest.xml:48:13-43
226            android:exported="false" >
226-->[com.google.firebase:firebase-messaging:24.0.0] AndroidManifest.xml:49:13-37
227            <intent-filter android:priority="-500" >
227-->[:react-native-firebase_messaging] AndroidManifest.xml:18:13-20:29
228                <action android:name="com.google.firebase.MESSAGING_EVENT" />
228-->[:react-native-firebase_messaging] AndroidManifest.xml:19:17-78
228-->[:react-native-firebase_messaging] AndroidManifest.xml:19:25-75
229            </intent-filter>
230        </service>
231
232        <provider
232-->[com.google.firebase:firebase-common:21.0.0] AndroidManifest.xml:23:9-28:39
233            android:name="com.google.firebase.provider.FirebaseInitProvider"
233-->[com.google.firebase:firebase-common:21.0.0] AndroidManifest.xml:24:13-77
234            android:authorities="com.projectsetup.firebaseinitprovider"
234-->[com.google.firebase:firebase-common:21.0.0] AndroidManifest.xml:25:13-72
235            android:directBootAware="true"
235-->[com.google.firebase:firebase-common:21.0.0] AndroidManifest.xml:26:13-43
236            android:exported="false"
236-->[com.google.firebase:firebase-common:21.0.0] AndroidManifest.xml:27:13-37
237            android:initOrder="100" />
237-->[com.google.firebase:firebase-common:21.0.0] AndroidManifest.xml:28:13-36
238
239        <activity
239-->[com.google.android.gms:play-services-auth:21.1.1] AndroidManifest.xml:23:9-27:75
240            android:name="com.google.android.gms.auth.api.signin.internal.SignInHubActivity"
240-->[com.google.android.gms:play-services-auth:21.1.1] AndroidManifest.xml:24:13-93
241            android:excludeFromRecents="true"
241-->[com.google.android.gms:play-services-auth:21.1.1] AndroidManifest.xml:25:13-46
242            android:exported="false"
242-->[com.google.android.gms:play-services-auth:21.1.1] AndroidManifest.xml:26:13-37
243            android:theme="@android:style/Theme.Translucent.NoTitleBar" />
243-->[com.google.android.gms:play-services-auth:21.1.1] AndroidManifest.xml:27:13-72
244        <!--
245            Service handling Google Sign-In user revocation. For apps that do not integrate with
246            Google Sign-In, this service will never be started.
247        -->
248        <service
248-->[com.google.android.gms:play-services-auth:21.1.1] AndroidManifest.xml:33:9-37:51
249            android:name="com.google.android.gms.auth.api.signin.RevocationBoundService"
249-->[com.google.android.gms:play-services-auth:21.1.1] AndroidManifest.xml:34:13-89
250            android:exported="true"
250-->[com.google.android.gms:play-services-auth:21.1.1] AndroidManifest.xml:35:13-36
251            android:permission="com.google.android.gms.auth.api.signin.permission.REVOCATION_NOTIFICATION"
251-->[com.google.android.gms:play-services-auth:21.1.1] AndroidManifest.xml:36:13-107
252            android:visibleToInstantApps="true" />
252-->[com.google.android.gms:play-services-auth:21.1.1] AndroidManifest.xml:37:13-48
253
254        <meta-data
254-->[com.google.maps.android:android-maps-utils:3.8.2] AndroidManifest.xml:8:9-10:69
255            android:name="com.google.android.gms.version"
255-->[com.google.maps.android:android-maps-utils:3.8.2] AndroidManifest.xml:9:13-58
256            android:value="@integer/google_play_services_version" /> <!-- Needs to be explicitly declared on P+ -->
256-->[com.google.maps.android:android-maps-utils:3.8.2] AndroidManifest.xml:10:13-66
257        <uses-library
257-->[com.google.android.gms:play-services-maps:18.2.0] AndroidManifest.xml:39:9-41:40
258            android:name="org.apache.http.legacy"
258-->[com.google.android.gms:play-services-maps:18.2.0] AndroidManifest.xml:40:13-50
259            android:required="false" />
259-->[com.google.android.gms:play-services-maps:18.2.0] AndroidManifest.xml:41:13-37
260
261        <service
261-->[com.google.android.gms:play-services-mlkit-barcode-scanning:16.2.0] AndroidManifest.xml:9:9-15:19
262            android:name="com.google.mlkit.common.internal.MlKitComponentDiscoveryService"
262-->[com.google.android.gms:play-services-mlkit-barcode-scanning:16.2.0] AndroidManifest.xml:10:13-91